# JRE version: OpenJDK Runtime Environment (8.0_212-b04) (build 1.8.0_212-3-redhat-b04)
# Java VM: OpenJDK 64-Bit Server VM (25.212-b04 mixed mode windows-amd64 compressed oops)
Heap:
 PSYoungGen      total 139776K, used 92517K [0x000000076c580000, 0x0000000775880000, 0x00000007c0000000)
  eden space 129024K, 63% used [0x000000076c580000,0x00000007715614d8,0x0000000774380000)
  from space 10752K, 99% used [0x0000000774e00000,0x0000000775878020,0x0000000775880000)
  to   space 10752K, 0% used [0x0000000774380000,0x0000000774380000,0x0000000774e00000)
 ParOldGen       total 172032K, used 13982K [0x00000006c5000000, 0x00000006cf800000, 0x000000076c580000)
  object space 172032K, 8% used [0x00000006c5000000,0x00000006c5da7818,0x00000006cf800000)
 Metaspace       used 20441K, capacity 20826K, committed 20864K, reserved 1067008K
  class space    used 2243K, capacity 2403K, committed 2432K, reserved 1048576K
GC Heap History (8 events):
Event: 1.561 GC heap before
{Heap before GC invocations=1 (full 0):
 PSYoungGen      total 75264K, used 64512K [0x000000076c580000, 0x0000000771980000, 0x00000007c0000000)
  eden space 64512K, 100% used [0x000000076c580000,0x0000000770480000,0x0000000770480000)
  from space 10752K, 0% used [0x0000000770f00000,0x0000000770f00000,0x0000000771980000)
  to   space 10752K, 0% used [0x0000000770480000,0x0000000770480000,0x0000000770f00000)
 ParOldGen       total 172032K, used 0K [0x00000006c5000000, 0x00000006cf800000, 0x000000076c580000)
  object space 172032K, 0% used [0x00000006c5000000,0x00000006c5000000,0x00000006cf800000)
 Metaspace       used 13125K, capacity 13316K, committed 13440K, reserved 1060864K
  class space    used 1512K, capacity 1604K, committed 1664K, reserved 1048576K
Event: 1.572 GC heap after
Heap after GC invocations=1 (full 0):
 PSYoungGen      total 75264K, used 9889K [0x000000076c580000, 0x0000000771980000, 0x00000007c0000000)
  eden space 64512K, 0% used [0x000000076c580000,0x000000076c580000,0x0000000770480000)
  from space 10752K, 91% used [0x0000000770480000,0x0000000770e286e8,0x0000000770f00000)
  to   space 10752K, 0% used [0x0000000770f00000,0x0000000770f00000,0x0000000771980000)
 ParOldGen       total 172032K, used 16K [0x00000006c5000000, 0x00000006cf800000, 0x000000076c580000)
  object space 172032K, 0% used [0x00000006c5000000,0x00000006c5004000,0x00000006cf800000)
 Metaspace       used 13125K, capacity 13316K, committed 13440K, reserved 1060864K
  class space    used 1512K, capacity 1604K, committed 1664K, reserved 1048576K
}
Event: 2.796 GC heap before
{Heap before GC invocations=2 (full 0):
 PSYoungGen      total 75264K, used 74401K [0x000000076c580000, 0x0000000771980000, 0x00000007c0000000)
  eden space 64512K, 100% used [0x000000076c580000,0x0000000770480000,0x0000000770480000)
  from space 10752K, 91% used [0x0000000770480000,0x0000000770e286e8,0x0000000770f00000)
  to   space 10752K, 0% used [0x0000000770f00000,0x0000000770f00000,0x0000000771980000)
 ParOldGen       total 172032K, used 16K [0x00000006c5000000, 0x00000006cf800000, 0x000000076c580000)
  object space 172032K, 0% used [0x00000006c5000000,0x00000006c5004000,0x00000006cf800000)
 Metaspace       used 19364K, capacity 19722K, committed 19840K, reserved 1067008K
  class space    used 2200K, capacity 2363K, committed 2432K, reserved 1048576K
Event: 2.812 GC heap after
Heap after GC invocations=2 (full 0):
 PSYoungGen      total 75264K, used 10728K [0x000000076c580000, 0x0000000771980000, 0x00000007c0000000)
  eden space 64512K, 0% used [0x000000076c580000,0x000000076c580000,0x0000000770480000)
  from space 10752K, 99% used [0x0000000770f00000,0x000000077197a1b8,0x0000000771980000)
  to   space 10752K, 0% used [0x0000000770480000,0x0000000770480000,0x0000000770f00000)
 ParOldGen       total 172032K, used 1092K [0x00000006c5000000, 0x00000006cf800000, 0x000000076c580000)
  object space 172032K, 0% used [0x00000006c5000000,0x00000006c5111208,0x00000006cf800000)
 Metaspace       used 19364K, capacity 19722K, committed 19840K, reserved 1067008K
  class space    used 2200K, capacity 2363K, committed 2432K, reserved 1048576K
}
Event: 3.458 GC heap before
{Heap before GC invocations=3 (full 0):
 PSYoungGen      total 75264K, used 75240K [0x000000076c580000, 0x0000000771980000, 0x00000007c0000000)
  eden space 64512K, 100% used [0x000000076c580000,0x0000000770480000,0x0000000770480000)
  from space 10752K, 99% used [0x0000000770f00000,0x000000077197a1b8,0x0000000771980000)
  to   space 10752K, 0% used [0x0000000770480000,0x0000000770480000,0x0000000770f00000)
 ParOldGen       total 172032K, used 1092K [0x00000006c5000000, 0x00000006cf800000, 0x000000076c580000)
  object space 172032K, 0% used [0x00000006c5000000,0x00000006c5111208,0x00000006cf800000)
 Metaspace       used 19923K, capacity 20272K, committed 20352K, reserved 1067008K
  class space    used 2235K, capacity 2396K, committed 2432K, reserved 1048576K
Event: 3.487 GC heap after
Heap after GC invocations=3 (full 0):
 PSYoungGen      total 75264K, used 10720K [0x000000076c580000, 0x0000000775880000, 0x00000007c0000000)
  eden space 64512K, 0% used [0x000000076c580000,0x000000076c580000,0x0000000770480000)
  from space 10752K, 99% used [0x0000000770480000,0x0000000770ef8040,0x0000000770f00000)
  to   space 10752K, 0% used [0x0000000774e00000,0x0000000774e00000,0x0000000775880000)
 ParOldGen       total 172032K, used 6979K [0x00000006c5000000, 0x00000006cf800000, 0x000000076c580000)
  object space 172032K, 4% used [0x00000006c5000000,0x00000006c56d0ca0,0x00000006cf800000)
 Metaspace       used 19923K, capacity 20272K, committed 20352K, reserved 1067008K
  class space    used 2235K, capacity 2396K, committed 2432K, reserved 1048576K
}
Event: 4.123 GC heap before
{Heap before GC invocations=4 (full 0):
 PSYoungGen      total 75264K, used 75232K [0x000000076c580000, 0x0000000775880000, 0x00000007c0000000)
  eden space 64512K, 100% used [0x000000076c580000,0x0000000770480000,0x0000000770480000)
  from space 10752K, 99% used [0x0000000770480000,0x0000000770ef8040,0x0000000770f00000)
  to   space 10752K, 0% used [0x0000000774e00000,0x0000000774e00000,0x0000000775880000)
 ParOldGen       total 172032K, used 6979K [0x00000006c5000000, 0x00000006cf800000, 0x000000076c580000)
  object space 172032K, 4% used [0x00000006c5000000,0x00000006c56d0ca0,0x00000006cf800000)
 Metaspace       used 20232K, capacity 20622K, committed 20864K, reserved 1067008K
  class space    used 2242K, capacity 2401K, committed 2432K, reserved 1048576K
Event: 4.149 GC heap after
Heap after GC invocations=4 (full 0):
 PSYoungGen      total 139776K, used 10720K [0x000000076c580000, 0x0000000775880000, 0x00000007c0000000)
  eden space 129024K, 0% used [0x000000076c580000,0x000000076c580000,0x0000000774380000)
  from space 10752K, 99% used [0x0000000774e00000,0x0000000775878020,0x0000000775880000)
  to   space 10752K, 0% used [0x0000000774380000,0x0000000774380000,0x0000000774e00000)
 ParOldGen       total 172032K, used 13982K [0x00000006c5000000, 0x00000006cf800000, 0x000000076c580000)
  object space 172032K, 8% used [0x00000006c5000000,0x00000006c5da7818,0x00000006cf800000)
 Metaspace       used 20232K, capacity 20622K, committed 20864K, reserved 1067008K
  class space    used 2242K, capacity 2401K, committed 2432K, reserved 1048576K
}

